<?xml version="1.0" encoding="UTF-8"?>
<!-- Generated by org.testng.reporters.JUnitXMLReporter -->
<testsuite ignored="0" hostname="DESKTOP-VC088CJ" failures="0" tests="12" name="Default test" time="27.421" errors="0" timestamp="2022-09-07T14:03:58 IST">
  <testcase classname="com.qa.test.OppenheimerTest" name="insertSingleRecord_API" time="1.166"/>
  <testcase classname="com.qa.test.OppenheimerTest" name="insertSingleRecord_API" time="0.214"/>
  <testcase classname="com.qa.test.OppenheimerTest" name="insertSingleRecord_API" time="0.064"/>
  <testcase classname="com.qa.test.OppenheimerTest" name="insertMultipleRecord_API" time="0.024"/>
  <testcase classname="com.qa.test.OppenheimerTest" name="insertMultipleRecord_API" time="0.089"/>
  <testcase classname="com.qa.test.OppenheimerTest" name="insertMultipleRecord_API" time="0.019"/>
  <testcase classname="com.qa.test.OppenheimerTest" name="uploadSingleRecordIntoDB_UI1" time="8.488"/>
  <testcase classname="com.qa.test.OppenheimerTest" name="uploadSingleRecordIntoDB_UI1" time="7.064"/>
  <testcase classname="com.qa.test.OppenheimerTest" name="BookKeeping_Manager_API" time="0.022"/>
  <testcase classname="com.qa.test.OppenheimerTest" name="dispense_TaxRelief_Governet_UI" time="3.478"/>
  <testcase classname="com.qa.test.OppenheimerTest" name="dispense_TaxRelief_Governet_UI" time="3.522"/>
  <testcase classname="com.qa.test.OppenheimerTest" name="dispense_TaxRelief_Governet_UI" time="2.831"/>
</testsuite> <!-- Default test -->
