<?xml version="1.0" encoding="UTF-8"?>
<testng-results ignored="0" total="12" passed="12" failed="0" skipped="0">
  <reporter-output>
  </reporter-output>
  <suite started-at="2022-09-07T14:03:30 IST" name="Default suite" finished-at="2022-09-07T14:03:58 IST" duration-ms="27421">
    <groups>
    </groups>
    <test started-at="2022-09-07T14:03:30 IST" name="Default test" finished-at="2022-09-07T14:03:58 IST" duration-ms="27421">
      <class name="com.qa.test.OppenheimerTest">
        <test-method is-config="true" signature="suiteSetup()[pri:0, instance:com.qa.test.OppenheimerTest@22ef9844]" started-at="2022-09-07T14:03:30 IST" name="suiteSetup" finished-at="2022-09-07T14:03:30 IST" duration-ms="112" status="PASS">
          <reporter-output>
          </reporter-output>
        </test-method> <!-- suiteSetup -->
        <test-method is-config="true" signature="beforeMethod([Ljava.lang.Object;, [Ljava.lang.Object;)[pri:0, instance:com.qa.test.OppenheimerTest@22ef9844]" started-at="2022-09-07T14:03:30 IST" name="beforeMethod" finished-at="2022-09-07T14:03:30 IST" duration-ms="1" status="PASS">
          <params>
            <param index="0">
              <value>
                <![CDATA[[Ljava.lang.Object;@5d3b6585]]>
              </value>
            </param>
            <param index="1">
              <value>
                <![CDATA[[Ljava.lang.Object;@5d3b6585]]>
              </value>
            </param>
          </params>
          <reporter-output>
          </reporter-output>
        </test-method> <!-- beforeMethod -->
        <test-method signature="insertSingleRecord_API(java.lang.String, java.lang.String, java.lang.String, java.lang.String, java.lang.String, java.lang.String, java.lang.String)[pri:0, instance:com.qa.test.OppenheimerTest@22ef9844]" started-at="2022-09-07T14:03:30 IST" name="insertSingleRecord_API" data-provider="UseCase1" finished-at="2022-09-07T14:03:32 IST" duration-ms="1166" status="PASS">
          <params>
            <param index="0">
              <value>
                <![CDATA[OP_SIT_UC1_Test_01]]>
              </value>
            </param>
            <param index="1">
              <value>
                <![CDATA[Verify user is able to insert SINGLE Class Hero Record in DB via API Call & should get 202 response code]]>
              </value>
            </param>
            <param index="2">
              <value>
                <![CDATA[http://localhost:8080/]]>
              </value>
            </param>
            <param index="3">
              <value>
                <![CDATA[calculator/insert]]>
              </value>
            </param>
            <param index="4">
              <value>
                <![CDATA[{
  "birthday": "07071994",
  "gender": "M",
  "name": "Google.S1",
  "natid": "NPHCG$$$$$",
  "salary": "700.00",
  "tax": "20.00"
}]]>
              </value>
            </param>
            <param index="5">
              <value>
                <![CDATA[202]]>
              </value>
            </param>
            <param index="6">
              <value>
                <![CDATA[]]>
              </value>
            </param>
          </params>
          <reporter-output>
          </reporter-output>
        </test-method> <!-- insertSingleRecord_API -->
        <test-method is-config="true" signature="screenshotAndDeleteCookies(org.testng.ITestResult)[pri:0, instance:com.qa.test.OppenheimerTest@22ef9844]" started-at="2022-09-07T14:03:32 IST" name="screenshotAndDeleteCookies" finished-at="2022-09-07T14:03:32 IST" duration-ms="2" status="PASS">
          <params>
            <param index="0">
              <value>
                <![CDATA[[TestResult name=insertSingleRecord_API status=SUCCESS method=OppenheimerTest.insertSingleRecord_API(java.lang.String, java.lang.String, java.lang.String, java.lang.String, java.lang.String, java.lang.String, java.lang.String)[pri:0, instance:com.qa.test.OppenheimerTest@22ef9844] output={null}]]]>
              </value>
            </param>
          </params>
          <reporter-output>
          </reporter-output>
        </test-method> <!-- screenshotAndDeleteCookies -->
        <test-method signature="insertSingleRecord_API(java.lang.String, java.lang.String, java.lang.String, java.lang.String, java.lang.String, java.lang.String, java.lang.String)[pri:0, instance:com.qa.test.OppenheimerTest@22ef9844]" started-at="2022-09-07T14:03:32 IST" name="insertSingleRecord_API" data-provider="UseCase1" finished-at="2022-09-07T14:03:32 IST" duration-ms="214" status="PASS">
          <params>
            <param index="0">
              <value>
                <![CDATA[OP_SIT_UC1_Test_02]]>
              </value>
            </param>
            <param index="1">
              <value>
                <![CDATA[Verify user is able to insert SINGLE Class Hero Record in DB via API Call & should get 404 response code]]>
              </value>
            </param>
            <param index="2">
              <value>
                <![CDATA[http://localhost:8080/]]>
              </value>
            </param>
            <param index="3">
              <value>
                <![CDATA[calculator/insert1]]>
              </value>
            </param>
            <param index="4">
              <value>
                <![CDATA[{
  "birthday": "07071994",
  "gender": "M",
  "name": "Google.S6",
  "natid": "NPHCG$$$$$",
  "salary": "700.00",
  "tax": "20.00"
}]]>
              </value>
            </param>
            <param index="5">
              <value>
                <![CDATA[404]]>
              </value>
            </param>
            <param index="6">
              <value>
                <![CDATA[]]>
              </value>
            </param>
          </params>
          <reporter-output>
          </reporter-output>
        </test-method> <!-- insertSingleRecord_API -->
        <test-method is-config="true" signature="beforeMethod([Ljava.lang.Object;, [Ljava.lang.Object;)[pri:0, instance:com.qa.test.OppenheimerTest@22ef9844]" started-at="2022-09-07T14:03:32 IST" name="beforeMethod" finished-at="2022-09-07T14:03:32 IST" duration-ms="0" status="PASS">
          <params>
            <param index="0">
              <value>
                <![CDATA[[Ljava.lang.Object;@41059616]]>
              </value>
            </param>
            <param index="1">
              <value>
                <![CDATA[[Ljava.lang.Object;@41059616]]>
              </value>
            </param>
          </params>
          <reporter-output>
          </reporter-output>
        </test-method> <!-- beforeMethod -->
        <test-method is-config="true" signature="screenshotAndDeleteCookies(org.testng.ITestResult)[pri:0, instance:com.qa.test.OppenheimerTest@22ef9844]" started-at="2022-09-07T14:03:32 IST" name="screenshotAndDeleteCookies" finished-at="2022-09-07T14:03:32 IST" duration-ms="0" status="PASS">
          <params>
            <param index="0">
              <value>
                <![CDATA[[TestResult name=insertSingleRecord_API status=SUCCESS method=OppenheimerTest.insertSingleRecord_API(java.lang.String, java.lang.String, java.lang.String, java.lang.String, java.lang.String, java.lang.String, java.lang.String)[pri:0, instance:com.qa.test.OppenheimerTest@22ef9844] output={null}]]]>
              </value>
            </param>
          </params>
          <reporter-output>
          </reporter-output>
        </test-method> <!-- screenshotAndDeleteCookies -->
        <test-method is-config="true" signature="beforeMethod([Ljava.lang.Object;, [Ljava.lang.Object;)[pri:0, instance:com.qa.test.OppenheimerTest@22ef9844]" started-at="2022-09-07T14:03:32 IST" name="beforeMethod" finished-at="2022-09-07T14:03:32 IST" duration-ms="1" status="PASS">
          <params>
            <param index="0">
              <value>
                <![CDATA[[Ljava.lang.Object;@2e93108a]]>
              </value>
            </param>
            <param index="1">
              <value>
                <![CDATA[[Ljava.lang.Object;@2e93108a]]>
              </value>
            </param>
          </params>
          <reporter-output>
          </reporter-output>
        </test-method> <!-- beforeMethod -->
        <test-method signature="insertSingleRecord_API(java.lang.String, java.lang.String, java.lang.String, java.lang.String, java.lang.String, java.lang.String, java.lang.String)[pri:0, instance:com.qa.test.OppenheimerTest@22ef9844]" started-at="2022-09-07T14:03:32 IST" name="insertSingleRecord_API" data-provider="UseCase1" finished-at="2022-09-07T14:03:32 IST" duration-ms="64" status="PASS">
          <params>
            <param index="0">
              <value>
                <![CDATA[OP_SIT_UC1_Test_03]]>
              </value>
            </param>
            <param index="1">
              <value>
                <![CDATA[Verify user is able to insert SINGLE Class Hero Record in DB via API Call & should get 500 response code]]>
              </value>
            </param>
            <param index="2">
              <value>
                <![CDATA[http://localhost:8080/]]>
              </value>
            </param>
            <param index="3">
              <value>
                <![CDATA[calculator/insert]]>
              </value>
            </param>
            <param index="4">
              <value>
                <![CDATA[{
  "birthday": "07091989",
  "gender": "M",
  "name": "Magesh",
  "salary": "700.00",
  "tax": "20.00"
}]]>
              </value>
            </param>
            <param index="5">
              <value>
                <![CDATA[500]]>
              </value>
            </param>
            <param index="6">
              <value>
                <![CDATA[]]>
              </value>
            </param>
          </params>
          <reporter-output>
          </reporter-output>
        </test-method> <!-- insertSingleRecord_API -->
        <test-method is-config="true" signature="screenshotAndDeleteCookies(org.testng.ITestResult)[pri:0, instance:com.qa.test.OppenheimerTest@22ef9844]" started-at="2022-09-07T14:03:32 IST" name="screenshotAndDeleteCookies" finished-at="2022-09-07T14:03:32 IST" duration-ms="0" status="PASS">
          <params>
            <param index="0">
              <value>
                <![CDATA[[TestResult name=insertSingleRecord_API status=SUCCESS method=OppenheimerTest.insertSingleRecord_API(java.lang.String, java.lang.String, java.lang.String, java.lang.String, java.lang.String, java.lang.String, java.lang.String)[pri:0, instance:com.qa.test.OppenheimerTest@22ef9844] output={null}]]]>
              </value>
            </param>
          </params>
          <reporter-output>
          </reporter-output>
        </test-method> <!-- screenshotAndDeleteCookies -->
        <test-method signature="insertMultipleRecord_API(java.lang.String, java.lang.String, java.lang.String, java.lang.String, java.lang.String, java.lang.String, java.lang.String)[pri:1, instance:com.qa.test.OppenheimerTest@22ef9844]" started-at="2022-09-07T14:03:32 IST" name="insertMultipleRecord_API" data-provider="UseCase2" finished-at="2022-09-07T14:03:32 IST" duration-ms="24" status="PASS">
          <params>
            <param index="0">
              <value>
                <![CDATA[OP_SIT_UC2_Test_01]]>
              </value>
            </param>
            <param index="1">
              <value>
                <![CDATA[Verify user is able insert more than one working
Class Hero Record in DB via  API]]>
              </value>
            </param>
            <param index="2">
              <value>
                <![CDATA[http://localhost:8080/]]>
              </value>
            </param>
            <param index="3">
              <value>
                <![CDATA[/calculator/insertMultiple]]>
              </value>
            </param>
            <param index="4">
              <value>
                <![CDATA[[
{
  "birthday": "07071994",
  "gender": "F",
  "name": "Google.M1",
  "natid": "NPHCG$$$$$",
  "salary": "100.00",
  "tax": "52.00"
},
{
  "birthday": "07071994",
  "gender": "M",
  "name": "Google.M2",
  "natid": "NPHCG$$$$$",
  "salary": "700.00",
  "tax": "20.00"
}]]]>
              </value>
            </param>
            <param index="5">
              <value>
                <![CDATA[202]]>
              </value>
            </param>
            <param index="6">
              <value>
                <![CDATA[]]>
              </value>
            </param>
          </params>
          <reporter-output>
          </reporter-output>
        </test-method> <!-- insertMultipleRecord_API -->
        <test-method is-config="true" signature="beforeMethod([Ljava.lang.Object;, [Ljava.lang.Object;)[pri:0, instance:com.qa.test.OppenheimerTest@22ef9844]" started-at="2022-09-07T14:03:32 IST" name="beforeMethod" finished-at="2022-09-07T14:03:32 IST" duration-ms="0" status="PASS">
          <params>
            <param index="0">
              <value>
                <![CDATA[[Ljava.lang.Object;@34e25492]]>
              </value>
            </param>
            <param index="1">
              <value>
                <![CDATA[[Ljava.lang.Object;@34e25492]]>
              </value>
            </param>
          </params>
          <reporter-output>
          </reporter-output>
        </test-method> <!-- beforeMethod -->
        <test-method is-config="true" signature="screenshotAndDeleteCookies(org.testng.ITestResult)[pri:0, instance:com.qa.test.OppenheimerTest@22ef9844]" started-at="2022-09-07T14:03:32 IST" name="screenshotAndDeleteCookies" finished-at="2022-09-07T14:03:32 IST" duration-ms="0" status="PASS">
          <params>
            <param index="0">
              <value>
                <![CDATA[[TestResult name=insertMultipleRecord_API status=SUCCESS method=OppenheimerTest.insertMultipleRecord_API(java.lang.String, java.lang.String, java.lang.String, java.lang.String, java.lang.String, java.lang.String, java.lang.String)[pri:1, instance:com.qa.test.OppenheimerTest@22ef9844] output={null}]]]>
              </value>
            </param>
          </params>
          <reporter-output>
          </reporter-output>
        </test-method> <!-- screenshotAndDeleteCookies -->
        <test-method signature="insertMultipleRecord_API(java.lang.String, java.lang.String, java.lang.String, java.lang.String, java.lang.String, java.lang.String, java.lang.String)[pri:1, instance:com.qa.test.OppenheimerTest@22ef9844]" started-at="2022-09-07T14:03:32 IST" name="insertMultipleRecord_API" data-provider="UseCase2" finished-at="2022-09-07T14:03:32 IST" duration-ms="89" status="PASS">
          <params>
            <param index="0">
              <value>
                <![CDATA[OP_SIT_UC2_Test_02]]>
              </value>
            </param>
            <param index="1">
              <value>
                <![CDATA[Verify user is able insert more than one working
Class Hero Record in DB via  API]]>
              </value>
            </param>
            <param index="2">
              <value>
                <![CDATA[http://localhost:8080/]]>
              </value>
            </param>
            <param index="3">
              <value>
                <![CDATA[/calculator/insertMultiple1]]>
              </value>
            </param>
            <param index="4">
              <value>
                <![CDATA[[
{
  "birthday": "07071994",
  "gender": "M",
  "name": "Google.M7",
  "natid": "NPHCG$$$$$",
  "salary": "700.00",
  "tax": "20.00"
},
{
  "birthday": "07071994",
  "gender": "M",
  "name": "Google.M8",
  "natid": "NPHCG$$$$$",
  "salary": "700.00",
  "tax": "20.00"
}]]]>
              </value>
            </param>
            <param index="5">
              <value>
                <![CDATA[404]]>
              </value>
            </param>
            <param index="6">
              <value>
                <![CDATA[]]>
              </value>
            </param>
          </params>
          <reporter-output>
          </reporter-output>
        </test-method> <!-- insertMultipleRecord_API -->
        <test-method is-config="true" signature="beforeMethod([Ljava.lang.Object;, [Ljava.lang.Object;)[pri:0, instance:com.qa.test.OppenheimerTest@22ef9844]" started-at="2022-09-07T14:03:32 IST" name="beforeMethod" finished-at="2022-09-07T14:03:32 IST" duration-ms="0" status="PASS">
          <params>
            <param index="0">
              <value>
                <![CDATA[[Ljava.lang.Object;@32f308c6]]>
              </value>
            </param>
            <param index="1">
              <value>
                <![CDATA[[Ljava.lang.Object;@32f308c6]]>
              </value>
            </param>
          </params>
          <reporter-output>
          </reporter-output>
        </test-method> <!-- beforeMethod -->
        <test-method is-config="true" signature="screenshotAndDeleteCookies(org.testng.ITestResult)[pri:0, instance:com.qa.test.OppenheimerTest@22ef9844]" started-at="2022-09-07T14:03:32 IST" name="screenshotAndDeleteCookies" finished-at="2022-09-07T14:03:32 IST" duration-ms="1" status="PASS">
          <params>
            <param index="0">
              <value>
                <![CDATA[[TestResult name=insertMultipleRecord_API status=SUCCESS method=OppenheimerTest.insertMultipleRecord_API(java.lang.String, java.lang.String, java.lang.String, java.lang.String, java.lang.String, java.lang.String, java.lang.String)[pri:1, instance:com.qa.test.OppenheimerTest@22ef9844] output={null}]]]>
              </value>
            </param>
          </params>
          <reporter-output>
          </reporter-output>
        </test-method> <!-- screenshotAndDeleteCookies -->
        <test-method is-config="true" signature="beforeMethod([Ljava.lang.Object;, [Ljava.lang.Object;)[pri:0, instance:com.qa.test.OppenheimerTest@22ef9844]" started-at="2022-09-07T14:03:32 IST" name="beforeMethod" finished-at="2022-09-07T14:03:32 IST" duration-ms="0" status="PASS">
          <params>
            <param index="0">
              <value>
                <![CDATA[[Ljava.lang.Object;@5f2b9da8]]>
              </value>
            </param>
            <param index="1">
              <value>
                <![CDATA[[Ljava.lang.Object;@5f2b9da8]]>
              </value>
            </param>
          </params>
          <reporter-output>
          </reporter-output>
        </test-method> <!-- beforeMethod -->
        <test-method signature="insertMultipleRecord_API(java.lang.String, java.lang.String, java.lang.String, java.lang.String, java.lang.String, java.lang.String, java.lang.String)[pri:1, instance:com.qa.test.OppenheimerTest@22ef9844]" started-at="2022-09-07T14:03:32 IST" name="insertMultipleRecord_API" data-provider="UseCase2" finished-at="2022-09-07T14:03:32 IST" duration-ms="19" status="PASS">
          <params>
            <param index="0">
              <value>
                <![CDATA[OP_SIT_UC2_Test_03]]>
              </value>
            </param>
            <param index="1">
              <value>
                <![CDATA[Verify user is able insert more than one working
Class Hero Record in DB via  API]]>
              </value>
            </param>
            <param index="2">
              <value>
                <![CDATA[http://localhost:8080/]]>
              </value>
            </param>
            <param index="3">
              <value>
                <![CDATA[/calculator/insertMultiple]]>
              </value>
            </param>
            <param index="4">
              <value>
                <![CDATA[[
{
  "birthday": "07071994",
  "gender": "M",

  "name": "Google.M9",
  "salary": "700.00",
  "tax": "20.00"
},
{
  "birthday": "07071994",
  "gender": "M",
  "name": "Google.M10",
  "natid": "NPHCG$$$$$",
  "salary": "700.00",
  "tax": "20.00"
}]]]>
              </value>
            </param>
            <param index="5">
              <value>
                <![CDATA[500]]>
              </value>
            </param>
            <param index="6">
              <value>
                <![CDATA[]]>
              </value>
            </param>
          </params>
          <reporter-output>
          </reporter-output>
        </test-method> <!-- insertMultipleRecord_API -->
        <test-method is-config="true" signature="screenshotAndDeleteCookies(org.testng.ITestResult)[pri:0, instance:com.qa.test.OppenheimerTest@22ef9844]" started-at="2022-09-07T14:03:32 IST" name="screenshotAndDeleteCookies" finished-at="2022-09-07T14:03:32 IST" duration-ms="0" status="PASS">
          <params>
            <param index="0">
              <value>
                <![CDATA[[TestResult name=insertMultipleRecord_API status=SUCCESS method=OppenheimerTest.insertMultipleRecord_API(java.lang.String, java.lang.String, java.lang.String, java.lang.String, java.lang.String, java.lang.String, java.lang.String)[pri:1, instance:com.qa.test.OppenheimerTest@22ef9844] output={null}]]]>
              </value>
            </param>
          </params>
          <reporter-output>
          </reporter-output>
        </test-method> <!-- screenshotAndDeleteCookies -->
        <test-method signature="uploadSingleRecordIntoDB_UI1(java.lang.String, java.lang.String, java.lang.String, java.lang.String, java.lang.String, java.lang.String)[pri:2, instance:com.qa.test.OppenheimerTest@22ef9844]" started-at="2022-09-07T14:03:32 IST" name="uploadSingleRecordIntoDB_UI1" data-provider="UseCase3" finished-at="2022-09-07T14:03:41 IST" duration-ms="8488" status="PASS">
          <params>
            <param index="0">
              <value>
                <![CDATA[OP_SIT_UC3_Test_01]]>
              </value>
            </param>
            <param index="1">
              <value>
                <![CDATA[Chrome]]>
              </value>
            </param>
            <param index="2">
              <value>
                <![CDATA[http://localhost:8080/]]>
              </value>
            </param>
            <param index="3">
              <value>
                <![CDATA[\src\main\resources\testData\]]>
              </value>
            </param>
            <param index="4">
              <value>
                <![CDATA[SingleRecord.csv]]>
              </value>
            </param>
            <param index="5">
              <value>
                <![CDATA[200]]>
              </value>
            </param>
          </params>
          <reporter-output>
          </reporter-output>
        </test-method> <!-- uploadSingleRecordIntoDB_UI1 -->
        <test-method is-config="true" signature="beforeMethod([Ljava.lang.Object;, [Ljava.lang.Object;)[pri:0, instance:com.qa.test.OppenheimerTest@22ef9844]" started-at="2022-09-07T14:03:32 IST" name="beforeMethod" finished-at="2022-09-07T14:03:32 IST" duration-ms="0" status="PASS">
          <params>
            <param index="0">
              <value>
                <![CDATA[[Ljava.lang.Object;@698ac187]]>
              </value>
            </param>
            <param index="1">
              <value>
                <![CDATA[[Ljava.lang.Object;@698ac187]]>
              </value>
            </param>
          </params>
          <reporter-output>
          </reporter-output>
        </test-method> <!-- beforeMethod -->
        <test-method is-config="true" signature="screenshotAndDeleteCookies(org.testng.ITestResult)[pri:0, instance:com.qa.test.OppenheimerTest@22ef9844]" started-at="2022-09-07T14:03:41 IST" name="screenshotAndDeleteCookies" finished-at="2022-09-07T14:03:41 IST" duration-ms="0" status="PASS">
          <params>
            <param index="0">
              <value>
                <![CDATA[[TestResult name=uploadSingleRecordIntoDB_UI1 status=SUCCESS method=OppenheimerTest.uploadSingleRecordIntoDB_UI1(java.lang.String, java.lang.String, java.lang.String, java.lang.String, java.lang.String, java.lang.String)[pri:2, instance:com.qa.test.OppenheimerTest@22ef9844] output={null}]]]>
              </value>
            </param>
          </params>
          <reporter-output>
          </reporter-output>
        </test-method> <!-- screenshotAndDeleteCookies -->
        <test-method is-config="true" signature="beforeMethod([Ljava.lang.Object;, [Ljava.lang.Object;)[pri:0, instance:com.qa.test.OppenheimerTest@22ef9844]" started-at="2022-09-07T14:03:41 IST" name="beforeMethod" finished-at="2022-09-07T14:03:41 IST" duration-ms="1" status="PASS">
          <params>
            <param index="0">
              <value>
                <![CDATA[[Ljava.lang.Object;@4fea5ee0]]>
              </value>
            </param>
            <param index="1">
              <value>
                <![CDATA[[Ljava.lang.Object;@4fea5ee0]]>
              </value>
            </param>
          </params>
          <reporter-output>
          </reporter-output>
        </test-method> <!-- beforeMethod -->
        <test-method signature="uploadSingleRecordIntoDB_UI1(java.lang.String, java.lang.String, java.lang.String, java.lang.String, java.lang.String, java.lang.String)[pri:2, instance:com.qa.test.OppenheimerTest@22ef9844]" started-at="2022-09-07T14:03:41 IST" name="uploadSingleRecordIntoDB_UI1" data-provider="UseCase3" finished-at="2022-09-07T14:03:48 IST" duration-ms="7064" status="PASS">
          <params>
            <param index="0">
              <value>
                <![CDATA[OP_SIT_UC3_Test_02]]>
              </value>
            </param>
            <param index="1">
              <value>
                <![CDATA[Chrome]]>
              </value>
            </param>
            <param index="2">
              <value>
                <![CDATA[http://localhost:8080/]]>
              </value>
            </param>
            <param index="3">
              <value>
                <![CDATA[\src\main\resources\testData\]]>
              </value>
            </param>
            <param index="4">
              <value>
                <![CDATA[MultipleRecord.csv]]>
              </value>
            </param>
            <param index="5">
              <value>
                <![CDATA[200]]>
              </value>
            </param>
          </params>
          <reporter-output>
          </reporter-output>
        </test-method> <!-- uploadSingleRecordIntoDB_UI1 -->
        <test-method is-config="true" signature="screenshotAndDeleteCookies(org.testng.ITestResult)[pri:0, instance:com.qa.test.OppenheimerTest@22ef9844]" started-at="2022-09-07T14:03:48 IST" name="screenshotAndDeleteCookies" finished-at="2022-09-07T14:03:48 IST" duration-ms="0" status="PASS">
          <params>
            <param index="0">
              <value>
                <![CDATA[[TestResult name=uploadSingleRecordIntoDB_UI1 status=SUCCESS method=OppenheimerTest.uploadSingleRecordIntoDB_UI1(java.lang.String, java.lang.String, java.lang.String, java.lang.String, java.lang.String, java.lang.String)[pri:2, instance:com.qa.test.OppenheimerTest@22ef9844] output={null}]]]>
              </value>
            </param>
          </params>
          <reporter-output>
          </reporter-output>
        </test-method> <!-- screenshotAndDeleteCookies -->
        <test-method is-config="true" signature="beforeMethod([Ljava.lang.Object;, [Ljava.lang.Object;)[pri:0, instance:com.qa.test.OppenheimerTest@22ef9844]" started-at="2022-09-07T14:03:48 IST" name="beforeMethod" finished-at="2022-09-07T14:03:48 IST" duration-ms="1" status="PASS">
          <params>
            <param index="0">
              <value>
                <![CDATA[[Ljava.lang.Object;@65f5cae3]]>
              </value>
            </param>
            <param index="1">
              <value>
                <![CDATA[[Ljava.lang.Object;@65f5cae3]]>
              </value>
            </param>
          </params>
          <reporter-output>
          </reporter-output>
        </test-method> <!-- beforeMethod -->
        <test-method signature="BookKeeping_Manager_API(java.lang.String, java.lang.String, java.lang.String, java.lang.String, java.lang.String, java.lang.String, java.lang.String)[pri:4, instance:com.qa.test.OppenheimerTest@22ef9844]" started-at="2022-09-07T14:03:48 IST" name="BookKeeping_Manager_API" data-provider="UseCase4" finished-at="2022-09-07T14:03:48 IST" duration-ms="22" status="PASS">
          <params>
            <param index="0">
              <value>
                <![CDATA[OP_SIT_UC4_Test_01]]>
              </value>
            </param>
            <param index="1">
              <value>
                <![CDATA[Verify user is able insert more than one working
Class Hero Record in DB via LocalHost API]]>
              </value>
            </param>
            <param index="2">
              <value>
                <![CDATA[http://localhost:8080/]]>
              </value>
            </param>
            <param index="3">
              <value>
                <![CDATA[/calculator/taxRelief]]>
              </value>
            </param>
            <param index="4">
              <value>
                <![CDATA[[
{
  "birthday": "07071994",
  "gender": "M",
  "name": "Google.M",
  "natid": "NPHCG$$$$$",
  "salary": "700.00",
  "tax": "20.00"
},
{
  "birthday": "07071994",
  "gender": "M",
  "name": "Google.M",
  "natid": "NPHCG$$$$$",
  "salary": "700.00",
  "tax": "20.00"
}]]]>
              </value>
            </param>
            <param index="5">
              <value>
                <![CDATA[200]]>
              </value>
            </param>
            <param index="6">
              <value>
                <![CDATA[]]>
              </value>
            </param>
          </params>
          <reporter-output>
          </reporter-output>
        </test-method> <!-- BookKeeping_Manager_API -->
        <test-method is-config="true" signature="screenshotAndDeleteCookies(org.testng.ITestResult)[pri:0, instance:com.qa.test.OppenheimerTest@22ef9844]" started-at="2022-09-07T14:03:48 IST" name="screenshotAndDeleteCookies" finished-at="2022-09-07T14:03:48 IST" duration-ms="0" status="PASS">
          <params>
            <param index="0">
              <value>
                <![CDATA[[TestResult name=BookKeeping_Manager_API status=SUCCESS method=OppenheimerTest.BookKeeping_Manager_API(java.lang.String, java.lang.String, java.lang.String, java.lang.String, java.lang.String, java.lang.String, java.lang.String)[pri:4, instance:com.qa.test.OppenheimerTest@22ef9844] output={null}]]]>
              </value>
            </param>
          </params>
          <reporter-output>
          </reporter-output>
        </test-method> <!-- screenshotAndDeleteCookies -->
        <test-method signature="dispense_TaxRelief_Governet_UI(java.lang.String, java.lang.String, java.lang.String, java.lang.String, java.lang.String)[pri:5, instance:com.qa.test.OppenheimerTest@22ef9844]" started-at="2022-09-07T14:03:48 IST" name="dispense_TaxRelief_Governet_UI" data-provider="UseCase5" finished-at="2022-09-07T14:03:51 IST" duration-ms="3478" status="PASS">
          <params>
            <param index="0">
              <value>
                <![CDATA[OP_SIT_UC5_Test_01]]>
              </value>
            </param>
            <param index="1">
              <value>
                <![CDATA[Verify that DISPENSE NOW button on the screen is in RED-COLORED]]>
              </value>
            </param>
            <param index="2">
              <value>
                <![CDATA[Chrome]]>
              </value>
            </param>
            <param index="3">
              <value>
                <![CDATA[http://localhost:8080/]]>
              </value>
            </param>
            <param index="4">
              <value>
                <![CDATA[rgba(220, 53, 69, 1)]]>
              </value>
            </param>
          </params>
          <reporter-output>
          </reporter-output>
        </test-method> <!-- dispense_TaxRelief_Governet_UI -->
        <test-method is-config="true" signature="beforeMethod([Ljava.lang.Object;, [Ljava.lang.Object;)[pri:0, instance:com.qa.test.OppenheimerTest@22ef9844]" started-at="2022-09-07T14:03:48 IST" name="beforeMethod" finished-at="2022-09-07T14:03:48 IST" duration-ms="0" status="PASS">
          <params>
            <param index="0">
              <value>
                <![CDATA[[Ljava.lang.Object;@6630dd28]]>
              </value>
            </param>
            <param index="1">
              <value>
                <![CDATA[[Ljava.lang.Object;@6630dd28]]>
              </value>
            </param>
          </params>
          <reporter-output>
          </reporter-output>
        </test-method> <!-- beforeMethod -->
        <test-method is-config="true" signature="screenshotAndDeleteCookies(org.testng.ITestResult)[pri:0, instance:com.qa.test.OppenheimerTest@22ef9844]" started-at="2022-09-07T14:03:51 IST" name="screenshotAndDeleteCookies" finished-at="2022-09-07T14:03:51 IST" duration-ms="1" status="PASS">
          <params>
            <param index="0">
              <value>
                <![CDATA[[TestResult name=dispense_TaxRelief_Governet_UI status=SUCCESS method=OppenheimerTest.dispense_TaxRelief_Governet_UI(java.lang.String, java.lang.String, java.lang.String, java.lang.String, java.lang.String)[pri:5, instance:com.qa.test.OppenheimerTest@22ef9844] output={null}]]]>
              </value>
            </param>
          </params>
          <reporter-output>
          </reporter-output>
        </test-method> <!-- screenshotAndDeleteCookies -->
        <test-method is-config="true" signature="beforeMethod([Ljava.lang.Object;, [Ljava.lang.Object;)[pri:0, instance:com.qa.test.OppenheimerTest@22ef9844]" started-at="2022-09-07T14:03:51 IST" name="beforeMethod" finished-at="2022-09-07T14:03:51 IST" duration-ms="1" status="PASS">
          <params>
            <param index="0">
              <value>
                <![CDATA[[Ljava.lang.Object;@5909ae90]]>
              </value>
            </param>
            <param index="1">
              <value>
                <![CDATA[[Ljava.lang.Object;@5909ae90]]>
              </value>
            </param>
          </params>
          <reporter-output>
          </reporter-output>
        </test-method> <!-- beforeMethod -->
        <test-method signature="dispense_TaxRelief_Governet_UI(java.lang.String, java.lang.String, java.lang.String, java.lang.String, java.lang.String)[pri:5, instance:com.qa.test.OppenheimerTest@22ef9844]" started-at="2022-09-07T14:03:51 IST" name="dispense_TaxRelief_Governet_UI" data-provider="UseCase5" finished-at="2022-09-07T14:03:55 IST" duration-ms="3522" status="PASS">
          <params>
            <param index="0">
              <value>
                <![CDATA[OP_SIT_UC5_Test_02]]>
              </value>
            </param>
            <param index="1">
              <value>
                <![CDATA[Verify that button text on the screen must be exactly "Dispense Now"]]>
              </value>
            </param>
            <param index="2">
              <value>
                <![CDATA[Chrome]]>
              </value>
            </param>
            <param index="3">
              <value>
                <![CDATA[http://localhost:8080/]]>
              </value>
            </param>
            <param index="4">
              <value>
                <![CDATA[Dispense Now]]>
              </value>
            </param>
          </params>
          <reporter-output>
          </reporter-output>
        </test-method> <!-- dispense_TaxRelief_Governet_UI -->
        <test-method is-config="true" signature="screenshotAndDeleteCookies(org.testng.ITestResult)[pri:0, instance:com.qa.test.OppenheimerTest@22ef9844]" started-at="2022-09-07T14:03:55 IST" name="screenshotAndDeleteCookies" finished-at="2022-09-07T14:03:55 IST" duration-ms="1" status="PASS">
          <params>
            <param index="0">
              <value>
                <![CDATA[[TestResult name=dispense_TaxRelief_Governet_UI status=SUCCESS method=OppenheimerTest.dispense_TaxRelief_Governet_UI(java.lang.String, java.lang.String, java.lang.String, java.lang.String, java.lang.String)[pri:5, instance:com.qa.test.OppenheimerTest@22ef9844] output={null}]]]>
              </value>
            </param>
          </params>
          <reporter-output>
          </reporter-output>
        </test-method> <!-- screenshotAndDeleteCookies -->
        <test-method is-config="true" signature="beforeMethod([Ljava.lang.Object;, [Ljava.lang.Object;)[pri:0, instance:com.qa.test.OppenheimerTest@22ef9844]" started-at="2022-09-07T14:03:55 IST" name="beforeMethod" finished-at="2022-09-07T14:03:55 IST" duration-ms="1" status="PASS">
          <params>
            <param index="0">
              <value>
                <![CDATA[[Ljava.lang.Object;@4489f60f]]>
              </value>
            </param>
            <param index="1">
              <value>
                <![CDATA[[Ljava.lang.Object;@4489f60f]]>
              </value>
            </param>
          </params>
          <reporter-output>
          </reporter-output>
        </test-method> <!-- beforeMethod -->
        <test-method signature="dispense_TaxRelief_Governet_UI(java.lang.String, java.lang.String, java.lang.String, java.lang.String, java.lang.String)[pri:5, instance:com.qa.test.OppenheimerTest@22ef9844]" started-at="2022-09-07T14:03:55 IST" name="dispense_TaxRelief_Governet_UI" data-provider="UseCase5" finished-at="2022-09-07T14:03:58 IST" duration-ms="2831" status="PASS">
          <params>
            <param index="0">
              <value>
                <![CDATA[OP_SIT_UC5_Test_03]]>
              </value>
            </param>
            <param index="1">
              <value>
                <![CDATA[Verify that Cash dispensed message is getting displayed once governer clicked the dispense now button ]]>
              </value>
            </param>
            <param index="2">
              <value>
                <![CDATA[Chrome]]>
              </value>
            </param>
            <param index="3">
              <value>
                <![CDATA[http://localhost:8080/]]>
              </value>
            </param>
            <param index="4">
              <value>
                <![CDATA[Cash dispensed]]>
              </value>
            </param>
          </params>
          <reporter-output>
          </reporter-output>
        </test-method> <!-- dispense_TaxRelief_Governet_UI -->
        <test-method is-config="true" signature="screenshotAndDeleteCookies(org.testng.ITestResult)[pri:0, instance:com.qa.test.OppenheimerTest@22ef9844]" started-at="2022-09-07T14:03:58 IST" name="screenshotAndDeleteCookies" finished-at="2022-09-07T14:03:58 IST" duration-ms="0" status="PASS">
          <params>
            <param index="0">
              <value>
                <![CDATA[[TestResult name=dispense_TaxRelief_Governet_UI status=SUCCESS method=OppenheimerTest.dispense_TaxRelief_Governet_UI(java.lang.String, java.lang.String, java.lang.String, java.lang.String, java.lang.String)[pri:5, instance:com.qa.test.OppenheimerTest@22ef9844] output={null}]]]>
              </value>
            </param>
          </params>
          <reporter-output>
          </reporter-output>
        </test-method> <!-- screenshotAndDeleteCookies -->
        <test-method is-config="true" signature="suiteTearDown()[pri:0, instance:com.qa.test.OppenheimerTest@22ef9844]" started-at="2022-09-07T14:03:58 IST" name="suiteTearDown" finished-at="2022-09-07T14:03:58 IST" duration-ms="109" status="PASS">
          <reporter-output>
          </reporter-output>
        </test-method> <!-- suiteTearDown -->
      </class> <!-- com.qa.test.OppenheimerTest -->
    </test> <!-- Default test -->
  </suite> <!-- Default suite -->
</testng-results>
